\BOOKMARK [1][-]{section.1}{Emacs: The Aquamacs Distribution}{}
\BOOKMARK [1][-]{section.2}{What's New in This Release}{}
\BOOKMARK [2][-]{subsection.2.1}{Bug Fixes}{section.2}
\BOOKMARK [2][-]{subsection.2.2}{Features and Changes}{section.2}
\BOOKMARK [3][-]{subsubsection.2.2.1}{New Address}{subsection.2.2}
\BOOKMARK [3][-]{subsubsection.2.2.2}{Running Aquamacs}{subsection.2.2}
\BOOKMARK [3][-]{subsubsection.2.2.3}{Frame and Window Operations}{subsection.2.2}
\BOOKMARK [3][-]{subsubsection.2.2.4}{Fonts}{subsection.2.2}
\BOOKMARK [3][-]{subsubsection.2.2.5}{Interface}{subsection.2.2}
\BOOKMARK [3][-]{subsubsection.2.2.6}{Configuration}{subsection.2.2}
\BOOKMARK [3][-]{subsubsection.2.2.7}{External Tools Support}{subsection.2.2}
\BOOKMARK [3][-]{subsubsection.2.2.8}{User Documentation}{subsection.2.2}
\BOOKMARK [1][-]{section.3}{Tutorial: Aquamacs for Beginners}{}
\BOOKMARK [2][-]{subsection.3.1}{What Makes Aquamacs Like Other Text Editors}{section.3}
\BOOKMARK [2][-]{subsection.3.2}{What Makes Aquamacs \(Emacs\) Different from Other Text Editors}{section.3}
\BOOKMARK [1][-]{section.4}{In Depth: The Aquamacs Interface}{}
\BOOKMARK [2][-]{subsection.4.1}{File}{section.4}
\BOOKMARK [2][-]{subsection.4.2}{Edit}{section.4}
\BOOKMARK [2][-]{subsection.4.3}{Options}{section.4}
\BOOKMARK [2][-]{subsection.4.4}{Buffers}{section.4}
\BOOKMARK [2][-]{subsection.4.5}{Tools}{section.4}
\BOOKMARK [2][-]{subsection.4.6}{Help}{section.4}
\BOOKMARK [1][-]{section.5}{Aquamacs for Emacs Veterans}{}
\BOOKMARK [2][-]{subsection.5.1}{Keyboard Shortcuts}{section.5}
\BOOKMARK [2][-]{subsection.5.2}{Customizing Aquamacs}{section.5}
\BOOKMARK [2][-]{subsection.5.3}{LaTeX Support}{section.5}
\BOOKMARK [1][-]{section.6}{Getting Help}{}
\BOOKMARK [1][-]{section.7}{Acknowledgments}{}
\BOOKMARK [1][-]{section.8}{Licenses}{}
